Base path: C:/Program Files (x86)/Unity/Editor/Data
<<<<<<< HEAD
Pipe name: \\.\pipe\UnityShaderCompiler-1-25016
Cmd: getPlatforms
Cmd: preprocess
  insize=238 outsize=238 ok=1
Cmd: preprocess
  insize=516 outsize=516 ok=1
Cmd: preprocess
  insize=3042 outsize=1804 ok=1
Cmd: preprocess
  insize=469 outsize=469 ok=1
Cmd: preprocess
  insize=6218 outsize=3522 ok=1
Cmd: preprocess
  insize=2361 outsize=2258 ok=1
Cmd: preprocess
  insize=1774 outsize=995 ok=1
=======
Pipe name: \\.\pipe\UnityShaderCompiler-1-11796
Cmd: getPlatforms
>>>>>>> origin/Development-Branch
